TN:
SF:script/deploy.sol
FN:8,ChallengeDeploy.setUp
FNDA:0,ChallengeDeploy.setUp
FN:10,ChallengeDeploy.run
FNDA:0,ChallengeDeploy.run
DA:11,0
DA:13,0
DA:14,0
FNF:2
FNH:0
LF:3
LH:0
BRF:0
BRH:0
end_of_record
TN:
SF:src/Lotto.sol
FN:27,Lotto._startGame
FNDA:0,Lotto._startGame
DA:29,0
DA:30,0
DA:31,0
FN:34,Lotto.play
FNDA:2,Lotto.play
DA:35,2
BRDA:35,0,0,1
BRDA:35,0,1,1
DA:37,1
DA:39,1
BRDA:39,1,0,-
BRDA:39,1,1,1
DA:41,1
DA:42,1
FN:47,Lotto.claimPrize
FNDA:1,Lotto.claimPrize
DA:48,1
DA:50,1
BRDA:50,2,0,1
BRDA:50,2,1,-
DA:52,0
DA:53,0
DA:55,0
DA:56,0
DA:60,0
FNF:3
FNH:2
LF:15
LH:7
BRF:6
BRH:4
end_of_record
